{"total": {"lines":{"total":15,"covered":13,"skipped":0,"pct":86.67},"statements":{"total":15,"covered":13,"skipped":0,"pct":86.67},"functions":{"total":2,"covered":2,"skipped":0,"pct":100},"branches":{"total":4,"covered":4,"skipped":0,"pct":100}}
,"/Users/netanelbasal/www/ts-safe-access/src/index.ts": {"lines":{"total":4,"covered":4,"skipped":0,"pct":100},"functions":{"total":0,"covered":0,"skipped":0,"pct":100},"statements":{"total":4,"covered":4,"skipped":0,"pct":100},"branches":{"total":0,"covered":0,"skipped":0,"pct":100}}
,"/Users/netanelbasal/www/ts-safe-access/src/ts-safe-access.ts": {"lines":{"total":11,"covered":9,"skipped":0,"pct":81.82},"functions":{"total":2,"covered":2,"skipped":0,"pct":100},"statements":{"total":11,"covered":9,"skipped":0,"pct":81.82},"branches":{"total":4,"covered":4,"skipped":0,"pct":100}}
}
